[INFO  - 2017-04-24T15:25:54.466Z] GhostDriver - Main - running on port 52993
[INFO  - 2017-04-24T15:25:57.590Z] Session [508757d0-2902-11e7-a9e1-6354ac24cd9f] - page.settings - {"XSSAuditingEnabled":false,"javascriptCanCloseWindows":true,"javascriptCanOpenWindows":true,"javascriptEnabled":true,"loadImages":false,"localToRemoteUrlAccessEnabled":false,"userAgent":"Opera/9.80 (Macintosh; Intel Mac OS X 10.6.8; U; en) Presto/2.8.131 Version/11.11","webSecurityEnabled":true}
[INFO  - 2017-04-24T15:25:57.590Z] Session [508757d0-2902-11e7-a9e1-6354ac24cd9f] - page.customHeaders:  - {}
[INFO  - 2017-04-24T15:25:57.590Z] Session [508757d0-2902-11e7-a9e1-6354ac24cd9f] - Session.negotiatedCapabilities - {"browserName":"phantomjs","version":"2.1.1","driverName":"ghostdriver","driverVersion":"1.2.0","platform":"windows-10-32bit","javascriptEnabled":true,"takesScreenshot":true,"handlesAlerts":false,"databaseEnabled":false,"locationContextEnabled":false,"applicationCacheEnabled":false,"browserConnectionEnabled":false,"cssSelectorsEnabled":true,"webStorageEnabled":false,"rotatable":false,"acceptSslCerts":false,"nativeEvents":true,"proxy":{"proxyType":"direct"},"phantomjs.page.settings.loadImages":false,"phantomjs.page.settings.userAgent":"Opera/9.80 (Macintosh; Intel Mac OS X 10.6.8; U; en) Presto/2.8.131 Version/11.11"}
[INFO  - 2017-04-24T15:25:57.590Z] SessionManagerReqHand - _postNewSessionCommand - New Session Created: 508757d0-2902-11e7-a9e1-6354ac24cd9f
[ERROR - 2017-04-24T15:25:58.553Z] Session [508757d0-2902-11e7-a9e1-6354ac24cd9f] - page.onError - msg: TypeError: Attempting to configurable attribute of unconfigurable property.

  phantomjs://platform/console++.js:263 in error
[ERROR - 2017-04-24T15:25:58.554Z] Session [508757d0-2902-11e7-a9e1-6354ac24cd9f] - page.onError - stack:
  defineProperty (http://dn-growing.qbox.me/vds.js:2)
  registerHistoryHandler (http://dn-growing.qbox.me/vds.js:2)
  domLoadedHandler (http://dn-growing.qbox.me/vds.js:2)
  (anonymous function) (http://dn-growing.qbox.me/vds.js:2)

  phantomjs://platform/console++.js:263 in error
[ERROR - 2017-04-24T15:26:01.018Z] Session [508757d0-2902-11e7-a9e1-6354ac24cd9f] - page.onError - msg: Error: null is not an object (evaluating 't.data.data.total')
http://static.tianyancha.com/wap/resources/scripts/app-266fe060ce.js:31:25634
http://static.tianyancha.com/wap/resources/scripts/app-266fe060ce.js:8:2283
$eval@http://static.tianyancha.com/wap/resources/scripts/app-266fe060ce.js:8:16918
$digest@http://static.tianyancha.com/wap/resources/scripts/app-266fe060ce.js:8:15418
$apply@http://static.tianyancha.com/wap/resources/scripts/app-266fe060ce.js:8:17216
s@http://static.tianyancha.com/wap/resources/scripts/app-266fe060ce.js:7:48029
f@http://static.tianyancha.com/wap/resources/scripts/app-266fe060ce.js:7:57769
onload@http://static.tianyancha.com/wap/resources/scripts/app-266fe060ce.js:7:58320

  phantomjs://platform/console++.js:263 in error
[ERROR - 2017-04-24T15:26:01.018Z] Session [508757d0-2902-11e7-a9e1-6354ac24cd9f] - page.onError - stack:
  (anonymous function) (http://static.tianyancha.com/wap/resources/scripts/app-266fe060ce.js:7)

  phantomjs://platform/console++.js:263 in error
[ERROR - 2017-04-24T15:26:21.342Z] WebElementLocator - _handleLocateCommand - Element(s) NOT Found: GAVE UP. Search Stop Time: 1493047581290

  phantomjs://platform/console++.js:263 in error
